<?xml version="1.0" encoding="UTF-8"?>
<testng-results ignored="0" total="1" passed="1" failed="0" skipped="0">
  <reporter-output>
  </reporter-output>
  <suite started-at="2023-01-12T12:54:50 IST" name="Default suite" finished-at="2023-01-12T12:55:06 IST" duration-ms="16107">
    <groups>
    </groups>
    <test started-at="2023-01-12T12:54:50 IST" name="Default test" finished-at="2023-01-12T12:55:06 IST" duration-ms="16107">
      <class name="Flow.First_flow">
        <test-method is-config="true" signature="setUp()[pri:0, instance:Flow.First_flow@5a45133e]" started-at="2023-01-12T12:54:50 IST" name="setUp" finished-at="2023-01-12T12:54:52 IST" duration-ms="2297" status="PASS">
          <reporter-output>
          </reporter-output>
        </test-method> <!-- setUp -->
        <test-method signature="testHomageFlow()[pri:0, instance:Flow.First_flow@5a45133e]" started-at="2023-01-12T12:54:52 IST" name="testHomageFlow" finished-at="2023-01-12T12:55:06 IST" duration-ms="13769" status="PASS">
          <reporter-output>
          </reporter-output>
        </test-method> <!-- testHomageFlow -->
        <test-method is-config="true" signature="tearDown()[pri:0, instance:Flow.First_flow@5a45133e]" started-at="2023-01-12T12:55:06 IST" name="tearDown" finished-at="2023-01-12T12:55:06 IST" duration-ms="1" status="PASS">
          <reporter-output>
          </reporter-output>
        </test-method> <!-- tearDown -->
      </class> <!-- Flow.First_flow -->
    </test> <!-- Default test -->
  </suite> <!-- Default suite -->
</testng-results>
